c:\users\jacob\files\projects\danktoaster\danktoaster\x64\debug\vc141.pdb
c:\users\jacob\files\projects\danktoaster\danktoaster\x64\debug\vc141.idb
c:\users\jacob\files\projects\danktoaster\danktoaster\x64\debug\dank_batch.obj
c:\users\jacob\files\projects\danktoaster\danktoaster\x64\debug\dank_batch_renderer.obj
c:\users\jacob\files\projects\danktoaster\danktoaster\x64\debug\dank_glyph.obj
c:\users\jacob\files\projects\danktoaster\danktoaster\x64\debug\dank_label.obj
c:\users\jacob\files\projects\danktoaster\danktoaster\x64\debug\dank_shader.obj
c:\users\jacob\files\projects\danktoaster\danktoaster\x64\debug\dank_sprite.obj
c:\users\jacob\files\projects\danktoaster\danktoaster\x64\debug\dank_texture.obj
c:\users\jacob\files\projects\danktoaster\danktoaster\x64\debug\dank_texture_sheet.obj
c:\users\jacob\files\projects\danktoaster\danktoaster\x64\debug\dank_text_renderer.obj
c:\users\jacob\files\projects\danktoaster\danktoaster\x64\debug\dank_window.obj
c:\users\jacob\files\projects\danktoaster\danktoaster\x64\debug\main.obj
c:\users\jacob\files\projects\danktoaster\danktoaster\x64\debug\dank_mat4.obj
c:\users\jacob\files\projects\danktoaster\danktoaster\x64\debug\dank_vec2.obj
c:\users\jacob\files\projects\danktoaster\danktoaster\x64\debug\dank_vec3.obj
c:\users\jacob\files\projects\danktoaster\danktoaster\x64\debug\dank_vec4.obj
c:\users\jacob\files\projects\danktoaster\danktoaster\x64\debug\math.obj
c:\users\jacob\files\projects\danktoaster\danktoaster\x64\debug\clock.obj
c:\users\jacob\files\projects\danktoaster\danktoaster\x64\debug\file_utils.obj
c:\users\jacob\files\projects\danktoaster\danktoaster\x64\debug\dank_widget.obj
c:\users\jacob\files\projects\danktoaster\danktoaster\x64\debug\dank_button.obj
c:\users\jacob\files\projects\danktoaster\danktoaster\x64\debug\dank_tile_layer.obj
c:\users\jacob\files\projects\danktoaster\danktoaster\x64\debug\dank_ui_layer.obj
c:\users\jacob\files\projects\danktoaster\danktoaster\x64\debug\dank_colored_square.obj
c:\users\jacob\files\projects\danktoaster\danktoaster\x64\debug\dank_colored_square_renderer.obj
c:\users\jacob\files\projects\danktoaster\danktoaster\x64\debug\dank_bar.obj
c:\users\jacob\files\projects\danktoaster\danktoaster\x64\debug\dank_level.obj
c:\users\jacob\files\projects\danktoaster\danktoaster\x64\debug\dank_tile.obj
c:\users\jacob\files\projects\danktoaster\danktoaster\x64\debug\dank_chat_box.obj
c:\users\jacob\files\projects\danktoaster\danktoaster\x64\debug\dank_fps_counter.obj
c:\users\jacob\files\projects\danktoaster\x64\debug\danktoaster.ilk
c:\users\jacob\files\projects\danktoaster\x64\debug\danktoaster.exe
c:\users\jacob\files\projects\danktoaster\x64\debug\danktoaster.pdb
c:\users\jacob\files\projects\danktoaster\danktoaster\x64\debug\dank_widget.obj.enc
c:\users\jacob\files\projects\danktoaster\danktoaster\x64\debug\main.obj.enc
c:\users\jacob\files\projects\danktoaster\danktoaster\x64\debug\danktoaster.tlog\cl.command.1.tlog
c:\users\jacob\files\projects\danktoaster\danktoaster\x64\debug\danktoaster.tlog\cl.read.1.tlog
c:\users\jacob\files\projects\danktoaster\danktoaster\x64\debug\danktoaster.tlog\cl.write.1.tlog
c:\users\jacob\files\projects\danktoaster\danktoaster\x64\debug\danktoaster.tlog\link.command.1.tlog
c:\users\jacob\files\projects\danktoaster\danktoaster\x64\debug\danktoaster.tlog\link.read.1.tlog
c:\users\jacob\files\projects\danktoaster\danktoaster\x64\debug\danktoaster.tlog\link.write.1.tlog
